C:\USERS\130293J\DESKTOP\KING\KING\KING\RELEASE\AI.OBJ
C:\USERS\130293J\DESKTOP\KING\KING\KING\RELEASE\BUTTONS.OBJ
C:\USERS\130293J\DESKTOP\KING\KING\KING\RELEASE\CAMERA.OBJ
C:\USERS\130293J\DESKTOP\KING\KING\KING\RELEASE\CAMERA2.OBJ
C:\USERS\130293J\DESKTOP\KING\KING\KING\RELEASE\CHARACTER.OBJ
C:\Users\130293J\Desktop\King\King\King\Release\cl.command.1.tlog
C:\Users\130293J\Desktop\King\King\King\Release\CL.read.1.tlog
C:\Users\130293J\Desktop\King\King\King\Release\CL.write.1.tlog
C:\USERS\130293J\DESKTOP\KING\KING\KING\RELEASE\GAMEOBJECT2D.OBJ
C:\USERS\130293J\DESKTOP\KING\KING\KING\RELEASE\GUARDS.OBJ
C:\USERS\130293J\DESKTOP\KING\KING\KING\RELEASE\INTERFACE.OBJ
C:\USERS\130293J\DESKTOP\KING\KING\KING\RELEASE\INVENTORY.OBJ
C:\USERS\130293J\DESKTOP\KING\KING\KING\RELEASE\ITEM.OBJ
C:\USERS\130293J\DESKTOP\KING\KING\KING\RELEASE\ITEMCLOTHING.OBJ
C:\USERS\130293J\DESKTOP\KING\KING\KING\RELEASE\ITEMMISC.OBJ
C:\USERS\130293J\DESKTOP\KING\KING\KING\RELEASE\ITEMWEAPON.OBJ
C:\USERS\130293J\DESKTOP\KING\KING\KING\RELEASE\KEYBOARD.OBJ
C:\USERS\130293J\DESKTOP\KING\KING\KING\RELEASE\KING.EXE.EMBED.MANIFEST
C:\USERS\130293J\DESKTOP\KING\KING\KING\RELEASE\KING.EXE.EMBED.MANIFEST.RES
C:\USERS\130293J\DESKTOP\KING\KING\KING\RELEASE\KING.EXE.INTERMEDIATE.MANIFEST
C:\Users\130293J\Desktop\King\King\King\Release\King.write.1.tlog
C:\Users\130293J\Desktop\King\King\King\Release\King_manifest.rc
C:\USERS\130293J\DESKTOP\KING\KING\KING\RELEASE\KINGENGINE.OBJ
C:\Users\130293J\Desktop\King\King\King\Release\link.command.1.tlog
C:\Users\130293J\Desktop\King\King\King\Release\link.read.1.tlog
C:\Users\130293J\Desktop\King\King\King\Release\link.write.1.tlog
C:\Users\130293J\Desktop\King\King\King\Release\link-cvtres.read.1.tlog
C:\Users\130293J\Desktop\King\King\King\Release\link-cvtres.write.1.tlog
C:\USERS\130293J\DESKTOP\KING\KING\KING\RELEASE\LOADOBJ.OBJ
C:\USERS\130293J\DESKTOP\KING\KING\KING\RELEASE\LOADTGA.OBJ
C:\USERS\130293J\DESKTOP\KING\KING\KING\RELEASE\MAIN.OBJ
C:\USERS\130293J\DESKTOP\KING\KING\KING\RELEASE\MESH.OBJ
C:\USERS\130293J\DESKTOP\KING\KING\KING\RELEASE\MESHBUILDER.OBJ
C:\USERS\130293J\DESKTOP\KING\KING\KING\RELEASE\MOUSE.OBJ
C:\Users\130293J\Desktop\King\King\King\Release\mt.command.1.tlog
C:\Users\130293J\Desktop\King\King\King\Release\mt.read.1.tlog
C:\Users\130293J\Desktop\King\King\King\Release\mt.write.1.tlog
C:\USERS\130293J\DESKTOP\KING\KING\KING\RELEASE\PLAYER.OBJ
C:\USERS\130293J\DESKTOP\KING\KING\KING\RELEASE\PRISONERS.OBJ
C:\Users\130293J\Desktop\King\King\King\Release\rc.command.1.tlog
C:\Users\130293J\Desktop\King\King\King\Release\rc.read.1.tlog
C:\Users\130293J\Desktop\King\King\King\Release\rc.write.1.tlog
C:\USERS\130293J\DESKTOP\KING\KING\KING\RELEASE\SCENE2D.OBJ
C:\USERS\130293J\DESKTOP\KING\KING\KING\RELEASE\SCENEGAME.OBJ
C:\USERS\130293J\DESKTOP\KING\KING\KING\RELEASE\SHADER.OBJ
C:\USERS\130293J\DESKTOP\KING\KING\KING\RELEASE\SOUND.OBJ
C:\USERS\130293J\DESKTOP\KING\KING\KING\RELEASE\SPRITEANIMATION.OBJ
C:\USERS\130293J\DESKTOP\KING\KING\KING\RELEASE\STATEMACHINE.OBJ
C:\USERS\130293J\DESKTOP\KING\KING\KING\RELEASE\TILEMAP.OBJ
C:\USERS\130293J\DESKTOP\KING\KING\KING\RELEASE\TILESHEET.OBJ
C:\USERS\130293J\DESKTOP\KING\KING\KING\RELEASE\UTILITY.OBJ
C:\USERS\130293J\DESKTOP\KING\KING\KING\RELEASE\VC100.PDB
C:\USERS\130293J\DESKTOP\KING\KING\RELEASE\KING.EXE
C:\USERS\130293J\DESKTOP\KING\KING\RELEASE\KING.PDB
