C:\USERS\JARON\DESKTOP\SP3\KING\DEBUG\KING.EXE
C:\USERS\JARON\DESKTOP\SP3\KING\DEBUG\KING.PDB
C:\USERS\JARON\DESKTOP\SP3\KING\KING\DEBUG\AI.OBJ
C:\USERS\JARON\DESKTOP\SP3\KING\KING\DEBUG\BUTTONS.OBJ
C:\USERS\JARON\DESKTOP\SP3\KING\KING\DEBUG\CAMERA.OBJ
C:\USERS\JARON\DESKTOP\SP3\KING\KING\DEBUG\CAMERA2.OBJ
C:\USERS\JARON\DESKTOP\SP3\KING\KING\DEBUG\CHARACTER.OBJ
C:\Users\Jaron\Desktop\SP3\King\King\Debug\cl.command.1.tlog
C:\Users\Jaron\Desktop\SP3\King\King\Debug\CL.read.1.tlog
C:\Users\Jaron\Desktop\SP3\King\King\Debug\CL.write.1.tlog
C:\USERS\JARON\DESKTOP\SP3\KING\KING\DEBUG\GAMEOBJECT2D.OBJ
C:\USERS\JARON\DESKTOP\SP3\KING\KING\DEBUG\GUARDS.OBJ
C:\USERS\JARON\DESKTOP\SP3\KING\KING\DEBUG\INTERFACE.OBJ
C:\USERS\JARON\DESKTOP\SP3\KING\KING\DEBUG\INVENTORY.OBJ
C:\USERS\JARON\DESKTOP\SP3\KING\KING\DEBUG\ITEM.OBJ
C:\USERS\JARON\DESKTOP\SP3\KING\KING\DEBUG\ITEMCLOTHING.OBJ
C:\USERS\JARON\DESKTOP\SP3\KING\KING\DEBUG\ITEMMISC.OBJ
C:\USERS\JARON\DESKTOP\SP3\KING\KING\DEBUG\ITEMWEAPON.OBJ
C:\USERS\JARON\DESKTOP\SP3\KING\KING\DEBUG\KEYBOARD.OBJ
C:\USERS\JARON\DESKTOP\SP3\KING\KING\DEBUG\KING.EXE.INTERMEDIATE.MANIFEST
C:\Users\Jaron\Desktop\SP3\King\King\Debug\King.write.1.tlog
C:\USERS\JARON\DESKTOP\SP3\KING\KING\DEBUG\KINGENGINE.OBJ
C:\Users\Jaron\Desktop\SP3\King\King\Debug\link.command.1.tlog
C:\Users\Jaron\Desktop\SP3\King\King\Debug\link.read.1.tlog
C:\Users\Jaron\Desktop\SP3\King\King\Debug\link.write.1.tlog
C:\USERS\JARON\DESKTOP\SP3\KING\KING\DEBUG\LOADOBJ.OBJ
C:\USERS\JARON\DESKTOP\SP3\KING\KING\DEBUG\LOADTGA.OBJ
C:\USERS\JARON\DESKTOP\SP3\KING\KING\DEBUG\MAIN.OBJ
C:\USERS\JARON\DESKTOP\SP3\KING\KING\DEBUG\MESH.OBJ
C:\USERS\JARON\DESKTOP\SP3\KING\KING\DEBUG\MESHBUILDER.OBJ
C:\USERS\JARON\DESKTOP\SP3\KING\KING\DEBUG\MOUSE.OBJ
C:\Users\Jaron\Desktop\SP3\King\King\Debug\mt.command.1.tlog
C:\Users\Jaron\Desktop\SP3\King\King\Debug\mt.read.1.tlog
C:\Users\Jaron\Desktop\SP3\King\King\Debug\mt.write.1.tlog
C:\USERS\JARON\DESKTOP\SP3\KING\KING\DEBUG\PLAYER.OBJ
C:\USERS\JARON\DESKTOP\SP3\KING\KING\DEBUG\PRISONERS.OBJ
C:\USERS\JARON\DESKTOP\SP3\KING\KING\DEBUG\SCENE2D.OBJ
C:\USERS\JARON\DESKTOP\SP3\KING\KING\DEBUG\SCENEGAME.OBJ
C:\USERS\JARON\DESKTOP\SP3\KING\KING\DEBUG\SHADER.OBJ
C:\USERS\JARON\DESKTOP\SP3\KING\KING\DEBUG\SOUND.OBJ
C:\USERS\JARON\DESKTOP\SP3\KING\KING\DEBUG\SPRITEANIMATION.OBJ
C:\USERS\JARON\DESKTOP\SP3\KING\KING\DEBUG\STATEMACHINE.OBJ
C:\USERS\JARON\DESKTOP\SP3\KING\KING\DEBUG\TILEMAP.OBJ
C:\USERS\JARON\DESKTOP\SP3\KING\KING\DEBUG\TILESHEET.OBJ
C:\USERS\JARON\DESKTOP\SP3\KING\KING\DEBUG\UTILITY.OBJ
C:\Users\Jaron\Desktop\SP3\King\King\Debug\vc100.idb
C:\USERS\JARON\DESKTOP\SP3\KING\KING\DEBUG\VC100.PDB
